<?xml version="1.0" encoding="UTF-8"?>
<!-- Generated by org.testng.reporters.JUnitReportReporter -->
<testsuite skipped="1" hostname="DESKTOP-H79H75C" name="PageobjectwithTestng.TestNGPOM" tests="1" failures="0" timestamp="06 Jan 2020 08:48:18 GMT" time="0.000" errors="0">
  <testcase name="testLoginNOK" time="0.000" classname="PageobjectwithTestng.TestNGPOM">
    <skipped/>
  </testcase> <!-- testLoginNOK -->
</testsuite> <!-- PageobjectwithTestng.TestNGPOM -->
