<?xml version="1.0" encoding="UTF-8"?>
<!-- Generated by org.testng.reporters.JUnitReportReporter -->
<testsuite skipped="0" hostname="DESKTOP-H79H75C" name="PageobjectwithTestng.TestNGPOM" tests="5" failures="0" timestamp="05 Jan 2020 14:29:14 GMT" time="127.904" errors="0">
  <testcase name="testLoginNOK" time="25.956" classname="PageobjectwithTestng.TestNGPOM"/>
  <testcase name="testLoginNOK" time="23.545" classname="PageobjectwithTestng.TestNGPOM"/>
  <testcase name="testLoginNOK" time="24.144" classname="PageobjectwithTestng.TestNGPOM"/>
  <testcase name="testLoginNOK" time="25.723" classname="PageobjectwithTestng.TestNGPOM"/>
  <testcase name="testLoginNOK" time="28.536" classname="PageobjectwithTestng.TestNGPOM"/>
</testsuite> <!-- PageobjectwithTestng.TestNGPOM -->
