<?xml version="1.0" encoding="UTF-8"?>
<!-- Generated by org.testng.reporters.JUnitReportReporter -->
<testsuite skipped="0" hostname="DESKTOP-H79H75C" name="firsttestngpackage.TestEmployeeDetails" tests="2" failures="0" timestamp="31 Dec 2019 13:50:44 GMT" time="0.014" errors="0">
  <testcase name="testCalculateAppriasal" time="0.012" classname="firsttestngpackage.TestEmployeeDetails"/>
  <testcase name="testCalculateYearlySalary" time="0.002" classname="firsttestngpackage.TestEmployeeDetails"/>
</testsuite> <!-- firsttestngpackage.TestEmployeeDetails -->
