<?xml version="1.0" encoding="UTF-8"?>
<!-- Generated by org.testng.reporters.JUnitReportReporter -->
<testsuite skipped="0" hostname="DESKTOP-H79H75C" name="firsttestngpackage.FirstTestNGFile" tests="1" failures="0" timestamp="31 Dec 2019 12:15:17 GMT" time="0.013" errors="0">
  <testcase name="verifyHomepageTitle" time="0.013" classname="firsttestngpackage.FirstTestNGFile"/>
</testsuite> <!-- firsttestngpackage.FirstTestNGFile -->
